C:\DOCUMENTS AND SETTINGS\SEMIN\мои документы\VISUAL STUDIO 2010\PROJECTS\WRITERREADERS\DEBUG\WRITERREADERS.EXE
C:\DOCUMENTS AND SETTINGS\SEMIN\мои документы\VISUAL STUDIO 2010\PROJECTS\WRITERREADERS\DEBUG\WRITERREADERS.ILK
C:\DOCUMENTS AND SETTINGS\SEMIN\МОИ ДОКУМЕНТЫ\VISUAL STUDIO 2010\PROJECTS\WRITERREADERS\DEBUG\WRITERREADERS.PDB
C:\DOCUMENTS AND SETTINGS\SEMIN\мои документы\VISUAL STUDIO 2010\PROJECTS\WRITERREADERS\WRITERREADERS\DEBUG\MAIN.OBJ
C:\DOCUMENTS AND SETTINGS\SEMIN\мои документы\VISUAL STUDIO 2010\PROJECTS\WRITERREADERS\WRITERREADERS\DEBUG\THREADS.OBJ
C:\DOCUMENTS AND SETTINGS\SEMIN\МОИ ДОКУМЕНТЫ\VISUAL STUDIO 2010\PROJECTS\WRITERREADERS\WRITERREADERS\DEBUG\VC100.PDB
C:\DOCUMENTS AND SETTINGS\SEMIN\мои документы\VISUAL STUDIO 2010\PROJECTS\WRITERREADERS\WRITERREADERS\DEBUG\WRITERREADERS.EXE.EMBED.MANIFEST
C:\DOCUMENTS AND SETTINGS\SEMIN\мои документы\VISUAL STUDIO 2010\PROJECTS\WRITERREADERS\WRITERREADERS\DEBUG\WRITERREADERS.EXE.EMBED.MANIFEST.RES
C:\DOCUMENTS AND SETTINGS\SEMIN\мои документы\VISUAL STUDIO 2010\PROJECTS\WRITERREADERS\WRITERREADERS\DEBUG\WRITERREADERS.EXE.INTERMEDIATE.MANIFEST
C:\OGANER\WORK\SRC\WRITERREADERS\DEBUG\WRITERREADERS.EXE
C:\OGANER\WORK\SRC\WRITERREADERS\DEBUG\WRITERREADERS.ILK
C:\OGANER\WORK\SRC\WRITERREADERS\DEBUG\WRITERREADERS.PDB
C:\OGANER\WORK\SRC\WRITERREADERS\WRITERREADERS\DEBUG\MAIN.OBJ
C:\OGANER\WORK\SRC\WRITERREADERS\WRITERREADERS\DEBUG\THREADS.OBJ
C:\OGANER\WORK\SRC\WRITERREADERS\WRITERREADERS\DEBUG\VC100.PDB
C:\OGANER\WORK\SRC\WRITERREADERS\WRITERREADERS\DEBUG\WORK.OBJ
C:\OGANER\WORK\SRC\WRITERREADERS\WRITERREADERS\DEBUG\WRITERREADERS.EXE.EMBED.MANIFEST.RES
C:\OGANER\WORK\SRC\WRITERREADERS\WRITERREADERS\DEBUG\WRITERREADERS.EXE.INTERMEDIATE.MANIFEST
C:\WORK\DELPHI\SRC\WRITERREADERS\DEBUG\WRITERREADERS.EXE
C:\WORK\DELPHI\SRC\WRITERREADERS\DEBUG\WRITERREADERS.ILK
C:\WORK\DELPHI\SRC\WRITERREADERS\DEBUG\WRITERREADERS.PDB
C:\work\delphi\src\WriterReaders\WriterReaders\Debug\cl.command.1.tlog
C:\work\delphi\src\WriterReaders\WriterReaders\Debug\CL.read.1.tlog
C:\work\delphi\src\WriterReaders\WriterReaders\Debug\CL.write.1.tlog
C:\work\delphi\src\WriterReaders\WriterReaders\Debug\link.2020.read.1.tlog
C:\work\delphi\src\WriterReaders\WriterReaders\Debug\link.2020.write.1.tlog
C:\work\delphi\src\WriterReaders\WriterReaders\Debug\link.2020-cvtres.read.1.tlog
C:\work\delphi\src\WriterReaders\WriterReaders\Debug\link.2020-cvtres.write.1.tlog
C:\work\delphi\src\WriterReaders\WriterReaders\Debug\link.2152.read.1.tlog
C:\work\delphi\src\WriterReaders\WriterReaders\Debug\link.2152.write.1.tlog
C:\work\delphi\src\WriterReaders\WriterReaders\Debug\link.2152-cvtres.read.1.tlog
C:\work\delphi\src\WriterReaders\WriterReaders\Debug\link.2152-cvtres.write.1.tlog
C:\work\delphi\src\WriterReaders\WriterReaders\Debug\link.2216.read.1.tlog
C:\work\delphi\src\WriterReaders\WriterReaders\Debug\link.2216.write.1.tlog
C:\work\delphi\src\WriterReaders\WriterReaders\Debug\link.2216-cvtres.read.1.tlog
C:\work\delphi\src\WriterReaders\WriterReaders\Debug\link.2216-cvtres.write.1.tlog
C:\work\delphi\src\WriterReaders\WriterReaders\Debug\link.2524.read.1.tlog
C:\work\delphi\src\WriterReaders\WriterReaders\Debug\link.2524.write.1.tlog
C:\work\delphi\src\WriterReaders\WriterReaders\Debug\link.2524-cvtres.read.1.tlog
C:\work\delphi\src\WriterReaders\WriterReaders\Debug\link.2524-cvtres.write.1.tlog
C:\work\delphi\src\WriterReaders\WriterReaders\Debug\link.2836.read.1.tlog
C:\work\delphi\src\WriterReaders\WriterReaders\Debug\link.2836.write.1.tlog
C:\work\delphi\src\WriterReaders\WriterReaders\Debug\link.2836-cvtres.read.1.tlog
C:\work\delphi\src\WriterReaders\WriterReaders\Debug\link.2836-cvtres.write.1.tlog
C:\work\delphi\src\WriterReaders\WriterReaders\Debug\link.3236.read.1.tlog
C:\work\delphi\src\WriterReaders\WriterReaders\Debug\link.3236.write.1.tlog
C:\work\delphi\src\WriterReaders\WriterReaders\Debug\link.3236-cvtres.read.1.tlog
C:\work\delphi\src\WriterReaders\WriterReaders\Debug\link.3236-cvtres.write.1.tlog
C:\work\delphi\src\WriterReaders\WriterReaders\Debug\link.3476.read.1.tlog
C:\work\delphi\src\WriterReaders\WriterReaders\Debug\link.3476.write.1.tlog
C:\work\delphi\src\WriterReaders\WriterReaders\Debug\link.3476-cvtres.read.1.tlog
C:\work\delphi\src\WriterReaders\WriterReaders\Debug\link.3476-cvtres.write.1.tlog
C:\work\delphi\src\WriterReaders\WriterReaders\Debug\link.3680.read.1.tlog
C:\work\delphi\src\WriterReaders\WriterReaders\Debug\link.3680.write.1.tlog
C:\work\delphi\src\WriterReaders\WriterReaders\Debug\link.3680-cvtres.read.1.tlog
C:\work\delphi\src\WriterReaders\WriterReaders\Debug\link.3680-cvtres.write.1.tlog
C:\work\delphi\src\WriterReaders\WriterReaders\Debug\link.3884.read.1.tlog
C:\work\delphi\src\WriterReaders\WriterReaders\Debug\link.3884.write.1.tlog
C:\work\delphi\src\WriterReaders\WriterReaders\Debug\link.3884-cvtres.read.1.tlog
C:\work\delphi\src\WriterReaders\WriterReaders\Debug\link.3884-cvtres.write.1.tlog
C:\work\delphi\src\WriterReaders\WriterReaders\Debug\link.460.read.1.tlog
C:\work\delphi\src\WriterReaders\WriterReaders\Debug\link.460.write.1.tlog
C:\work\delphi\src\WriterReaders\WriterReaders\Debug\link.460-cvtres.read.1.tlog
C:\work\delphi\src\WriterReaders\WriterReaders\Debug\link.460-cvtres.write.1.tlog
C:\work\delphi\src\WriterReaders\WriterReaders\Debug\link.548.read.1.tlog
C:\work\delphi\src\WriterReaders\WriterReaders\Debug\link.548.write.1.tlog
C:\work\delphi\src\WriterReaders\WriterReaders\Debug\link.548-cvtres.read.1.tlog
C:\work\delphi\src\WriterReaders\WriterReaders\Debug\link.548-cvtres.write.1.tlog
C:\work\delphi\src\WriterReaders\WriterReaders\Debug\link.596.read.1.tlog
C:\work\delphi\src\WriterReaders\WriterReaders\Debug\link.596.write.1.tlog
C:\work\delphi\src\WriterReaders\WriterReaders\Debug\link.596-cvtres.read.1.tlog
C:\work\delphi\src\WriterReaders\WriterReaders\Debug\link.596-cvtres.write.1.tlog
C:\work\delphi\src\WriterReaders\WriterReaders\Debug\link.command.1.tlog
C:\work\delphi\src\WriterReaders\WriterReaders\Debug\link.read.1.tlog
C:\work\delphi\src\WriterReaders\WriterReaders\Debug\link.write.1.tlog
C:\work\delphi\src\WriterReaders\WriterReaders\Debug\link-cvtres.read.1.tlog
C:\work\delphi\src\WriterReaders\WriterReaders\Debug\link-cvtres.write.1.tlog
C:\WORK\DELPHI\SRC\WRITERREADERS\WRITERREADERS\DEBUG\MAIN.OBJ
C:\work\delphi\src\WriterReaders\WriterReaders\Debug\mt.command.1.tlog
C:\work\delphi\src\WriterReaders\WriterReaders\Debug\mt.read.1.tlog
C:\work\delphi\src\WriterReaders\WriterReaders\Debug\mt.write.1.tlog
C:\work\delphi\src\WriterReaders\WriterReaders\Debug\rc.command.1.tlog
C:\work\delphi\src\WriterReaders\WriterReaders\Debug\rc.read.1.tlog
C:\work\delphi\src\WriterReaders\WriterReaders\Debug\rc.write.1.tlog
C:\WORK\DELPHI\SRC\WRITERREADERS\WRITERREADERS\DEBUG\THREADS.OBJ
C:\work\delphi\src\WriterReaders\WriterReaders\Debug\vc100.idb
C:\WORK\DELPHI\SRC\WRITERREADERS\WRITERREADERS\DEBUG\VC100.PDB
C:\WORK\DELPHI\SRC\WRITERREADERS\WRITERREADERS\DEBUG\WORK.OBJ
C:\work\delphi\src\WriterReaders\WriterReaders\Debug\WriterReaders.exe.embed.manifest
C:\WORK\DELPHI\SRC\WRITERREADERS\WRITERREADERS\DEBUG\WRITERREADERS.EXE.EMBED.MANIFEST.RES
C:\WORK\DELPHI\SRC\WRITERREADERS\WRITERREADERS\DEBUG\WRITERREADERS.EXE.INTERMEDIATE.MANIFEST
C:\work\delphi\src\WriterReaders\WriterReaders\Debug\WriterReaders_manifest.rc
